<?xml version="1.0" encoding="UTF-8"?>
<!-- Generated by org.testng.reporters.JUnitReportReporter -->
<testsuite hostname="LAPTOP-6TSHAIVP" failures="0" tests="1" name="runner.SampleRunner" time="15.812" errors="0" timestamp="2021-10-18T20:32:37 BST" skipped="0">
  <testcase classname="runner.SampleRunner" name="runScenario" time="15.812"/>
  <system-out/>
</testsuite> <!-- runner.SampleRunner -->
